<?xml version="1.0" encoding="UTF-8"?>
<testng-results ignored="0" total="2" passed="2" failed="0" skipped="0">
  <reporter-output>
  </reporter-output>
  <suite started-at="2024-12-21T14:16:05 IST" name="Suite" finished-at="2024-12-21T14:16:22 IST" duration-ms="16201">
    <groups>
      <group name="Purchase">
        <method signature="SubmitOrderTests.SumbitOrder(java.util.HashMap)[pri:0, instance:javaSeleniumAcademy.tests.SubmitOrderTests@740fb309]" name="SumbitOrder" class="javaSeleniumAcademy.tests.SubmitOrderTests"/>
      </group> <!-- Purchase -->
    </groups>
    <test started-at="2024-12-21T14:16:05 IST" name="Submit Order" finished-at="2024-12-21T14:16:22 IST" duration-ms="16201">
      <class name="javaSeleniumAcademy.tests.SubmitOrderTests">
        <test-method is-config="true" signature="launchApp()[pri:0, instance:javaSeleniumAcademy.tests.SubmitOrderTests@740fb309]" started-at="2024-12-21T14:16:06 IST" name="launchApp" finished-at="2024-12-21T14:16:09 IST" duration-ms="3697" status="PASS">
          <reporter-output>
          </reporter-output>
        </test-method> <!-- launchApp -->
        <test-method signature="SumbitOrder(java.util.HashMap)[pri:0, instance:javaSeleniumAcademy.tests.SubmitOrderTests@740fb309]" started-at="2024-12-21T14:16:09 IST" name="SumbitOrder" data-provider="getData" finished-at="2024-12-21T14:16:14 IST" duration-ms="4794" status="PASS">
          <params>
            <param index="0">
              <value>
                <![CDATA[{Product=ZARA COAT 3, password=Santorini@123, email=jimmydoe@gmail.com}]]>
              </value>
            </param>
          </params>
          <reporter-output>
          </reporter-output>
        </test-method> <!-- SumbitOrder -->
        <test-method is-config="true" signature="tearDown()[pri:0, instance:javaSeleniumAcademy.tests.SubmitOrderTests@740fb309]" started-at="2024-12-21T14:16:14 IST" name="tearDown" finished-at="2024-12-21T14:16:14 IST" duration-ms="188" status="PASS">
          <reporter-output>
          </reporter-output>
        </test-method> <!-- tearDown -->
        <test-method is-config="true" signature="launchApp()[pri:0, instance:javaSeleniumAcademy.tests.SubmitOrderTests@740fb309]" started-at="2024-12-21T14:16:14 IST" name="launchApp" finished-at="2024-12-21T14:16:17 IST" duration-ms="2405" status="PASS">
          <reporter-output>
          </reporter-output>
        </test-method> <!-- launchApp -->
        <test-method signature="SumbitOrder(java.util.HashMap)[pri:0, instance:javaSeleniumAcademy.tests.SubmitOrderTests@740fb309]" started-at="2024-12-21T14:16:17 IST" name="SumbitOrder" data-provider="getData" finished-at="2024-12-21T14:16:22 IST" duration-ms="4761" status="PASS">
          <params>
            <param index="0">
              <value>
                <![CDATA[{Product=ZARA COAT 3, password=Santorini@123, email=jimmydoe@gmail.com}]]>
              </value>
            </param>
          </params>
          <reporter-output>
          </reporter-output>
        </test-method> <!-- SumbitOrder -->
        <test-method is-config="true" signature="tearDown()[pri:0, instance:javaSeleniumAcademy.tests.SubmitOrderTests@740fb309]" started-at="2024-12-21T14:16:22 IST" name="tearDown" finished-at="2024-12-21T14:16:22 IST" duration-ms="142" status="PASS">
          <reporter-output>
          </reporter-output>
        </test-method> <!-- tearDown -->
      </class> <!-- javaSeleniumAcademy.tests.SubmitOrderTests -->
    </test> <!-- Submit Order -->
  </suite> <!-- Suite -->
</testng-results>
